<?xml version="1.0" encoding="UTF-8"?>
<!-- Generated by org.testng.reporters.JUnitReportReporter -->
<testsuite hostname="DESKTOP-HSMH7BK" failures="0" tests="4" name="com.qa.assignment1.testcases.RegisterPageTest" time="51.343" errors="0" timestamp="2020-10-07T18:21:26 IST" skipped="0">
  <testcase classname="com.qa.assignment1.testcases.RegisterPageTest" name="registerPageTitleTest" time="12.065"/>
  <system-out/>
  <testcase classname="com.qa.assignment1.testcases.RegisterPageTest" name="validateRegisterNewContact" time="12.692"/>
  <system-out/>
  <testcase classname="com.qa.assignment1.testcases.RegisterPageTest" name="validateRegisterNewContact" time="13.647"/>
  <system-out/>
  <testcase classname="com.qa.assignment1.testcases.RegisterPageTest" name="validateRegisterNewContact" time="12.939"/>
  <system-out/>
</testsuite> <!-- com.qa.assignment1.testcases.RegisterPageTest -->
