<?xml version="1.0" encoding="UTF-8"?>
<!-- Generated by org.testng.reporters.JUnitReportReporter -->
<testsuite hostname="DESKTOP-HSMH7BK" failures="0" tests="2" name="com.qa.assignment1.testcases.AlertsPageTest" time="14.736" errors="0" timestamp="2020-10-07T18:21:26 IST" skipped="1">
  <testcase classname="com.qa.assignment1.testcases.AlertsPageTest" name="alertPageTitleTest" time="14.736"/>
  <system-out/>
  <testcase classname="com.qa.assignment1.testcases.AlertsPageTest" name="verifyAlertwithOKButtonTest">
    <skipped/>
  </testcase> <!-- verifyAlertwithOKButtonTest -->
  <system-out/>
</testsuite> <!-- com.qa.assignment1.testcases.AlertsPageTest -->
